<?xml version="1.0" encoding="UTF-8"?>
<!-- Generated by org.testng.reporters.JUnitReportReporter -->
<testsuite hostname="DESKTOP-2C5OJD0" failures="0" tests="2" name="com.testngPractice.TestNGPractice" time="18.871" errors="0" timestamp="2023-06-19T21:24:30 IST" skipped="0">
  <testcase classname="com.testngPractice.TestNGPractice" name="testMethod" time="10.165"/>
  <system-out/>
  <testcase classname="com.testngPractice.TestNGPractice" name="testMethod1" time="8.706"/>
  <system-out/>
</testsuite> <!-- com.testngPractice.TestNGPractice -->
