<?xml version="1.0" encoding="UTF-8"?>
<!-- Generated by org.testng.reporters.JUnitReportReporter -->
<testsuite hostname="DESKTOP-2C5OJD0" failures="0" tests="1" name="com.testngPractice.FirstTestngClass" time="0.016" errors="0" timestamp="2023-06-19T21:24:30 IST" skipped="0">
  <testcase classname="com.testngPractice.FirstTestngClass" name="testMethod" time="0.016"/>
  <system-out/>
</testsuite> <!-- com.testngPractice.FirstTestngClass -->
