<?xml version="1.0" encoding="UTF-8"?>
<!-- Generated by org.testng.reporters.JUnitReportReporter -->
<testsuite hostname="DESKTOP-2C5OJD0" failures="0" tests="1" name="com.testing.SeleniumPractice.WebTableHandling" time="9.704" errors="0" timestamp="2023-06-20T21:23:10 IST" skipped="0">
  <testcase classname="com.testing.SeleniumPractice.WebTableHandling" name="webtablehandling" time="9.704"/>
  <system-out/>
</testsuite> <!-- com.testing.SeleniumPractice.WebTableHandling -->
