<?xml version="1.0" encoding="UTF-8"?>
<!-- Generated by org.testng.reporters.JUnitReportReporter -->
<testsuite hostname="DESKTOP-2C5OJD0" failures="0" tests="1" name="com.testData.TestDataRead" time="1.476" errors="0" timestamp="2023-06-21T21:27:06 IST" skipped="0">
  <testcase classname="com.testData.TestDataRead" name="readExcel" time="1.476"/>
  <system-out/>
</testsuite> <!-- com.testData.TestDataRead -->
