<?xml version="1.0" encoding="UTF-8"?>
<!-- Generated by org.testng.reporters.JUnitReportReporter -->
<testsuite hostname="DESKTOP-2C5OJD0" failures="0" tests="2" name="com.testngPractice.ParameterClassTestng" time="14.375" errors="0" timestamp="2023-06-20T20:51:08 IST" skipped="0">
  <testcase classname="com.testngPractice.ParameterClassTestng" name="login" time="14.371"/>
  <system-out/>
  <testcase classname="com.testngPractice.ParameterClassTestng" name="logout" time="0.004"/>
  <system-out/>
</testsuite> <!-- com.testngPractice.ParameterClassTestng -->
