<?xml version="1.0" encoding="UTF-8"?>
<!-- Generated by org.testng.reporters.JUnitReportReporter -->
<testsuite hostname="DESKTOP-2C5OJD0" failures="0" tests="2" name="com.testCases.TC_001" time="27.042" errors="0" timestamp="2023-07-11T21:12:09 IST" skipped="0">
  <testcase classname="com.testCases.TC_001" name="tC_user_Registor" time="13.638"/>
  <system-out/>
  <testcase classname="com.testCases.TC_001" name="tC_user_Login" time="13.404"/>
  <system-out/>
</testsuite> <!-- com.testCases.TC_001 -->
