<?xml version="1.0" encoding="UTF-8"?>
<!-- Generated by org.testng.reporters.JUnitReportReporter -->
<testsuite hostname="DESKTOP-2C5OJD0" failures="0" tests="4" name="com.testngPractice.GroupingClass" time="0.021" errors="0" timestamp="2023-06-20T21:00:06 IST" skipped="0">
  <testcase classname="com.testngPractice.GroupingClass" name="tc_07" time="0.004"/>
  <system-out/>
  <testcase classname="com.testngPractice.GroupingClass" name="tc_01" time="0.012"/>
  <system-out/>
  <testcase classname="com.testngPractice.GroupingClass" name="tc_03" time="0.002"/>
  <system-out/>
  <testcase classname="com.testngPractice.GroupingClass" name="tc_05" time="0.003"/>
  <system-out/>
</testsuite> <!-- com.testngPractice.GroupingClass -->
