<?xml version="1.0" encoding="UTF-8"?>
<!-- Generated by org.testng.reporters.JUnitReportReporter -->
<testsuite hostname="DESKTOP-2C5OJD0" failures="0" tests="1" name="com.testData.Write_Excel" time="1.760" errors="0" timestamp="2023-06-22T21:11:06 IST" skipped="0">
  <testcase classname="com.testData.Write_Excel" name="readExcel" time="1.760"/>
  <system-out/>
</testsuite> <!-- com.testData.Write_Excel -->
