<?xml version="1.0" encoding="UTF-8"?>
<!-- Generated by org.testng.reporters.JUnitReportReporter -->
<testsuite hostname="DESKTOP-2C5OJD0" failures="0" tests="2" name="com.testCases.TC_001" time="34.295" errors="0" timestamp="2023-07-11T21:24:39 IST" skipped="0">
  <testcase classname="com.testCases.TC_001" name="tC_user_Registor" time="14.604"/>
  <testcase classname="com.testCases.TC_001" name="tC_user_Login" time="19.691"/>
</testsuite> <!-- com.testCases.TC_001 -->
